Flow report for DE2_115_Final
Thu Dec 05 01:12:42 2013
Quartus II 64-Bit Version 13.0.1 Build 232 06/12/2013 Service Pack 1 SJ Web Edition


---------------------
; Table of Contents ;
---------------------
  1. Legal Notice
  2. Flow Summary
  3. Flow Settings
  4. Flow Non-Default Global Settings
  5. Flow Elapsed Time
  6. Flow OS Summary
  7. Flow Log
  8. Flow Messages
  9. Flow Suppressed Messages



----------------
; Legal Notice ;
----------------
Copyright (C) 1991-2013 Altera Corporation
Your use of Altera Corporation's design tools, logic functions 
and other software and tools, and its AMPP partner logic 
functions, and any output files from any of the foregoing 
(including device programming or simulation files), and any 
associated documentation or information are expressly subject 
to the terms and conditions of the Altera Program License 
Subscription Agreement, Altera MegaCore Function License 
Agreement, or other applicable license agreement, including, 
without limitation, that your use is for the sole purpose of 
programming logic devices manufactured by Altera and sold by 
Altera or its authorized distributors.  Please refer to the 
applicable agreement for further details.



+--------------------------------------------------------------------------------------+
; Flow Summary                                                                         ;
+------------------------------------+-------------------------------------------------+
; Flow Status                        ; Successful - Thu Dec 05 01:12:26 2013           ;
; Quartus II 64-Bit Version          ; 13.0.1 Build 232 06/12/2013 SP 1 SJ Web Edition ;
; Revision Name                      ; DE2_115_Final                                   ;
; Top-level Entity Name              ; MSB                                             ;
; Family                             ; Cyclone IV E                                    ;
; Device                             ; EP4CE115F29C7                                   ;
; Timing Models                      ; Final                                           ;
; Total logic elements               ; 5,821 / 114,480 ( 5 % )                         ;
;     Total combinational functions  ; 5,287 / 114,480 ( 5 % )                         ;
;     Dedicated logic registers      ; 3,530 / 114,480 ( 3 % )                         ;
; Total registers                    ; 3530                                            ;
; Total pins                         ; 107 / 529 ( 20 % )                              ;
; Total virtual pins                 ; 0                                               ;
; Total memory bits                  ; 2,582,528 / 3,981,312 ( 65 % )                  ;
; Embedded Multiplier 9-bit elements ; 10 / 532 ( 2 % )                                ;
; Total PLLs                         ; 1 / 4 ( 25 % )                                  ;
+------------------------------------+-------------------------------------------------+


+-----------------------------------------+
; Flow Settings                           ;
+-------------------+---------------------+
; Option            ; Setting             ;
+-------------------+---------------------+
; Start date & time ; 12/05/2013 01:09:21 ;
; Main task         ; Compilation         ;
; Revision Name     ; DE2_115_Final       ;
+-------------------+---------------------+


+------------------------------------------------------------------------------------------------------------------------+
; Flow Non-Default Global Settings                                                                                       ;
+-------------------------------------+---------------------------------------+---------------+-------------+------------+
; Assignment Name                     ; Value                                 ; Default Value ; Entity Name ; Section Id ;
+-------------------------------------+---------------------------------------+---------------+-------------+------------+
; COMPILER_SIGNATURE_ID               ; 264414488535621.138622376101912       ; --            ; --          ; --         ;
; MAX_CORE_JUNCTION_TEMP              ; 85                                    ; --            ; --          ; --         ;
; MIN_CORE_JUNCTION_TEMP              ; 0                                     ; --            ; --          ; --         ;
; PARTITION_COLOR                     ; 16764057                              ; --            ; MSB         ; Top        ;
; PARTITION_FITTER_PRESERVATION_LEVEL ; PLACEMENT_AND_ROUTING                 ; --            ; MSB         ; Top        ;
; PARTITION_NETLIST_TYPE              ; SOURCE                                ; --            ; MSB         ; Top        ;
; POWER_BOARD_THERMAL_MODEL           ; None (CONSERVATIVE)                   ; --            ; --          ; --         ;
; POWER_PRESET_COOLING_SOLUTION       ; 23 MM HEAT SINK WITH 200 LFPM AIRFLOW ; --            ; --          ; --         ;
; TOP_LEVEL_ENTITY                    ; MSB                                   ; DE2_115_Final ; --          ; --         ;
+-------------------------------------+---------------------------------------+---------------+-------------+------------+


+-------------------------------------------------------------------------------------------------------------------------------+
; Flow Elapsed Time                                                                                                             ;
+---------------------------+--------------+-------------------------+---------------------+------------------------------------+
; Module Name               ; Elapsed Time ; Average Processors Used ; Peak Virtual Memory ; Total CPU Time (on all processors) ;
+---------------------------+--------------+-------------------------+---------------------+------------------------------------+
; Analysis & Synthesis      ; 00:01:32     ; 1.0                     ; 701 MB              ; 00:01:28                           ;
; Fitter                    ; 00:01:14     ; 1.3                     ; 1186 MB             ; 00:01:28                           ;
; Assembler                 ; 00:00:08     ; 1.0                     ; 507 MB              ; 00:00:08                           ;
; TimeQuest Timing Analyzer ; 00:00:14     ; 1.2                     ; 682 MB              ; 00:00:16                           ;
; Total                     ; 00:03:08     ; --                      ; --                  ; 00:03:20                           ;
+---------------------------+--------------+-------------------------+---------------------+------------------------------------+


+----------------------------------------------------------------------------------------+
; Flow OS Summary                                                                        ;
+---------------------------+------------------+-----------+------------+----------------+
; Module Name               ; Machine Hostname ; OS Name   ; OS Version ; Processor type ;
+---------------------------+------------------+-----------+------------+----------------+
; Analysis & Synthesis      ; VVD10            ; Windows 7 ; 6.2        ; x86_64         ;
; Fitter                    ; VVD10            ; Windows 7 ; 6.2        ; x86_64         ;
; Assembler                 ; VVD10            ; Windows 7 ; 6.2        ; x86_64         ;
; TimeQuest Timing Analyzer ; VVD10            ; Windows 7 ; 6.2        ; x86_64         ;
+---------------------------+------------------+-----------+------------+----------------+


------------
; Flow Log ;
------------
quartus_map --read_settings_files=on --write_settings_files=off DE2_115_Final -c DE2_115_Final
quartus_fit --read_settings_files=off --write_settings_files=off DE2_115_Final -c DE2_115_Final
quartus_asm --read_settings_files=off --write_settings_files=off DE2_115_Final -c DE2_115_Final
quartus_sta DE2_115_Final -c DE2_115_Final



