Info: Starting: Create block symbol file (.bsf)
Info: ip-generate --project-directory=C:/ECE4440/DE2_115_Final/ --output-directory=C:/ECE4440/DE2_115_Final/nios2/ --report-file=bsf:C:/ECE4440/DE2_115_Final/nios2.bsf --system-info=DEVICE_FAMILY="Cyclone IV E" --system-info=DEVICE=EP4CE115F29C7 --system-info=DEVICE_SPEEDGRADE=7 --component-file=C:/ECE4440/DE2_115_Final/nios2.qsys
Progress: Loading DE2_115_Final/nios2.qsys
Progress: Reading input file
Progress: Adding clk [clock_source 13.0]
Progress: Parameterizing module clk
Progress: Adding nios2 [altera_nios2_qsys 13.0]
Progress: Parameterizing module nios2
Progress: Adding onchip_mem [altera_avalon_onchip_memory2 13.0.1.99.2]
Progress: Parameterizing module onchip_mem
Progress: Adding vga [altera_up_avalon_video_vga_controller 13.0]
Progress: Parameterizing module vga
Progress: Adding char_buffer [altera_up_avalon_video_character_buffer_with_dma 13.0]
Progress: Parameterizing module char_buffer
Progress: Adding jtag_uart [altera_avalon_jtag_uart 13.0.1.99.2]
Progress: Parameterizing module jtag_uart
Progress: Adding led_green [altera_up_avalon_parallel_port 13.0]
Progress: Parameterizing module led_green
Progress: Adding pixel_buffer [altera_up_avalon_video_pixel_buffer_dma 13.0]
Progress: Parameterizing module pixel_buffer
Progress: Adding alpha_blender [altera_up_avalon_video_alpha_blender 13.0]
Progress: Parameterizing module alpha_blender
Progress: Adding sram [altera_up_avalon_sram 13.0]
Progress: Parameterizing module sram
Progress: Adding dual_clock_FIFO [altera_up_avalon_video_dual_clock_buffer 13.0]
Progress: Parameterizing module dual_clock_FIFO
Progress: Adding up_clocks_0 [altera_up_clocks 13.0]
Progress: Parameterizing module up_clocks_0
Progress: Adding tse [altera_eth_tse 13.0]
Progress: Parameterizing module tse
Progress: Adding sgdma_rx [altera_avalon_sgdma 13.0.1.99.2]
Progress: Parameterizing module sgdma_rx
Progress: Adding sgdma_tx [altera_avalon_sgdma 13.0.1.99.2]
Progress: Parameterizing module sgdma_tx
Progress: Adding descriptor_memory [altera_avalon_onchip_memory2 13.0.1.99.2]
Progress: Parameterizing module descriptor_memory
Progress: Adding usb [altera_up_avalon_usb 13.0]
Progress: Parameterizing module usb
Progress: Adding ps2 [altera_up_avalon_ps2 13.0]
Progress: Parameterizing module ps2
Progress: Adding audio_and_video_config_0 [altera_up_avalon_audio_and_video_config 13.0]
Progress: Parameterizing module audio_and_video_config_0
Progress: Adding video_decoder_0 [altera_up_avalon_video_decoder 13.0]
Progress: Parameterizing module video_decoder_0
Progress: Adding video_bayer_resampler_0 [altera_up_avalon_video_bayer_resampler 13.0]
Progress: Parameterizing module video_bayer_resampler_0
Progress: Adding sd_card_interface [Altera_UP_SD_Card_Avalon_Interface 13.0]
Progress: Parameterizing module sd_card_interface
Progress: Building connections
Progress: Parameterizing connections
Progress: Validating
Progress: Done reading input file
Info: nios2.vga: Video Output Stream: Format: 640 x 480 with Color: 10 (bits) x 3 (planes)
Info: nios2.char_buffer: Character Resolution: 80 x 60
Info: ip-generate succeeded.
Info: Finished: Create block symbol file (.bsf)
Info: 
Info: Starting: Create HDL design files for synthesis
Info: ip-generate --project-directory=C:/ECE4440/DE2_115_Final/ --output-directory=C:/ECE4440/DE2_115_Final/nios2/synthesis/ --file-set=QUARTUS_SYNTH --report-file=sopcinfo:C:/ECE4440/DE2_115_Final/nios2.sopcinfo --report-file=html:C:/ECE4440/DE2_115_Final/nios2.html --report-file=qip:C:/ECE4440/DE2_115_Final/nios2/synthesis/nios2.qip --report-file=cmp:C:/ECE4440/DE2_115_Final/nios2.cmp --report-file=svd --system-info=DEVICE_FAMILY="Cyclone IV E" --system-info=DEVICE=EP4CE115F29C7 --system-info=DEVICE_SPEEDGRADE=7 --component-file=C:/ECE4440/DE2_115_Final/nios2.qsys --language=VERILOG
Progress: Loading DE2_115_Final/nios2.qsys
Progress: Reading input file
Progress: Adding clk [clock_source 13.0]
Progress: Parameterizing module clk
Progress: Adding nios2 [altera_nios2_qsys 13.0]
Progress: Parameterizing module nios2
Progress: Adding onchip_mem [altera_avalon_onchip_memory2 13.0.1.99.2]
Progress: Parameterizing module onchip_mem
Progress: Adding vga [altera_up_avalon_video_vga_controller 13.0]
Progress: Parameterizing module vga
Progress: Adding char_buffer [altera_up_avalon_video_character_buffer_with_dma 13.0]
Progress: Parameterizing module char_buffer
Progress: Adding jtag_uart [altera_avalon_jtag_uart 13.0.1.99.2]
Progress: Parameterizing module jtag_uart
Progress: Adding led_green [altera_up_avalon_parallel_port 13.0]
Progress: Parameterizing module led_green
Progress: Adding pixel_buffer [altera_up_avalon_video_pixel_buffer_dma 13.0]
Progress: Parameterizing module pixel_buffer
Progress: Adding alpha_blender [altera_up_avalon_video_alpha_blender 13.0]
Progress: Parameterizing module alpha_blender
Progress: Adding sram [altera_up_avalon_sram 13.0]
Progress: Parameterizing module sram
Progress: Adding dual_clock_FIFO [altera_up_avalon_video_dual_clock_buffer 13.0]
Progress: Parameterizing module dual_clock_FIFO
Progress: Adding up_clocks_0 [altera_up_clocks 13.0]
Progress: Parameterizing module up_clocks_0
Progress: Adding tse [altera_eth_tse 13.0]
Progress: Parameterizing module tse
Progress: Adding sgdma_rx [altera_avalon_sgdma 13.0.1.99.2]
Progress: Parameterizing module sgdma_rx
Progress: Adding sgdma_tx [altera_avalon_sgdma 13.0.1.99.2]
Progress: Parameterizing module sgdma_tx
Progress: Adding descriptor_memory [altera_avalon_onchip_memory2 13.0.1.99.2]
Progress: Parameterizing module descriptor_memory
Progress: Adding usb [altera_up_avalon_usb 13.0]
Progress: Parameterizing module usb
Progress: Adding ps2 [altera_up_avalon_ps2 13.0]
Progress: Parameterizing module ps2
Progress: Adding audio_and_video_config_0 [altera_up_avalon_audio_and_video_config 13.0]
Progress: Parameterizing module audio_and_video_config_0
Progress: Adding video_decoder_0 [altera_up_avalon_video_decoder 13.0]
Progress: Parameterizing module video_decoder_0
Progress: Adding video_bayer_resampler_0 [altera_up_avalon_video_bayer_resampler 13.0]
Progress: Parameterizing module video_bayer_resampler_0
Progress: Adding sd_card_interface [Altera_UP_SD_Card_Avalon_Interface 13.0]
Progress: Parameterizing module sd_card_interface
Progress: Building connections
Progress: Parameterizing connections
Progress: Validating
Progress: Done reading input file
Info: nios2.vga: Video Output Stream: Format: 640 x 480 with Color: 10 (bits) x 3 (planes)
Info: nios2.char_buffer: Character Resolution: 80 x 60
Info: nios2: Generating nios2 "nios2" for QUARTUS_SYNTH
Info: pipeline_bridge_swap_transform: After transform: 15 modules, 52 connections
Info: No custom instruction connections, skipping transform 
Info: merlin_translator_transform: After transform: 29 modules, 94 connections
Info: merlin_domain_transform: After transform: 56 modules, 236 connections
Info: merlin_router_transform: After transform: 70 modules, 278 connections
Info: merlin_traffic_limiter_transform: After transform: 71 modules, 282 connections
Info: merlin_burst_transform: After transform: 73 modules, 288 connections
Info: reset_adaptation_transform: After transform: 77 modules, 296 connections
Info: merlin_network_to_switch_transform: After transform: 104 modules, 352 connections
Info: merlin_width_transform: After transform: 108 modules, 364 connections
Info: limiter_update_transform: After transform: 108 modules, 365 connections
Info: merlin_mm_transform: After transform: 108 modules, 365 connections
Info: merlin_interrupt_mapper_transform: After transform: 109 modules, 368 connections
Warning: nios2: "No matching role found for rst_controller:reset_out:reset_req (reset_req)"
Warning: nios2: "No matching role found for rst_controller:reset_out:reset_req (reset_req)"
Warning: nios2: "No matching role found for rst_controller:reset_out:reset_req (reset_req)"
Warning: nios2: "No matching role found for rst_controller:reset_out:reset_req (reset_req)"
Warning: nios2: "No matching role found for rst_controller:reset_out:reset_req (reset_req)"
Warning: nios2: "No matching role found for rst_controller:reset_out:reset_req (reset_req)"
Warning: nios2: "No matching role found for rst_controller:reset_out:reset_req (reset_req)"
Warning: nios2: "No matching role found for rst_controller:reset_out:reset_req (reset_req)"
Warning: nios2: "No matching role found for rst_controller:reset_out:reset_req (reset_req)"
Warning: nios2: "No matching role found for rst_controller:reset_out:reset_req (reset_req)"
Warning: nios2: "No matching role found for rst_controller:reset_out:reset_req (reset_req)"
Warning: nios2: "No matching role found for rst_controller:reset_out:reset_req (reset_req)"
Warning: nios2: "No matching role found for rst_controller:reset_out:reset_req (reset_req)"
Warning: nios2: "No matching role found for rst_controller:reset_out:reset_req (reset_req)"
Warning: nios2: "No matching role found for rst_controller:reset_out:reset_req (reset_req)"
Warning: nios2: "No matching role found for rst_controller:reset_out:reset_req (reset_req)"
Warning: nios2: "No matching role found for rst_controller:reset_out:reset_req (reset_req)"
Warning: nios2: "No matching role found for rst_controller:reset_out:reset_req (reset_req)"
Warning: nios2: "No matching role found for rst_controller:reset_out:reset_req (reset_req)"
Warning: nios2: "No matching role found for rst_controller:reset_out:reset_req (reset_req)"
Warning: nios2: "No matching role found for rst_controller:reset_out:reset_req (reset_req)"
Warning: nios2: "No matching role found for rst_controller:reset_out:reset_req (reset_req)"
Warning: nios2: "No matching role found for rst_controller:reset_out:reset_req (reset_req)"
Warning: nios2: "No matching role found for rst_controller:reset_out:reset_req (reset_req)"
Warning: nios2: "No matching role found for rst_controller:reset_out:reset_req (reset_req)"
Warning: nios2: "No matching role found for rst_controller:reset_out:reset_req (reset_req)"
Warning: nios2: "No matching role found for rst_controller:reset_out:reset_req (reset_req)"
Warning: nios2: "No matching role found for rst_controller:reset_out:reset_req (reset_req)"
Warning: nios2: "No matching role found for rst_controller:reset_out:reset_req (reset_req)"
Warning: nios2: "No matching role found for rst_controller:reset_out:reset_req (reset_req)"
Warning: nios2: "No matching role found for rst_controller:reset_out:reset_req (reset_req)"
Warning: nios2: "No matching role found for rst_controller:reset_out:reset_req (reset_req)"
Warning: nios2: "No matching role found for rst_controller:reset_out:reset_req (reset_req)"
Warning: nios2: "No matching role found for rst_controller:reset_out:reset_req (reset_req)"
Warning: nios2: "No matching role found for rst_controller:reset_out:reset_req (reset_req)"
Warning: nios2: "No matching role found for rst_controller:reset_out:reset_req (reset_req)"
Warning: nios2: "No matching role found for rst_controller:reset_out:reset_req (reset_req)"
Warning: nios2: "No matching role found for rst_controller:reset_out:reset_req (reset_req)"
Warning: nios2: "No matching role found for rst_controller:reset_out:reset_req (reset_req)"
Warning: nios2: "No matching role found for rst_controller:reset_out:reset_req (reset_req)"
Warning: nios2: "No matching role found for rst_controller:reset_out:reset_req (reset_req)"
Warning: nios2: "No matching role found for rst_controller:reset_out:reset_req (reset_req)"
Warning: nios2: "No matching role found for rst_controller:reset_out:reset_req (reset_req)"
Warning: nios2: "No matching role found for rst_controller:reset_out:reset_req (reset_req)"
Warning: nios2: "No matching role found for rst_controller:reset_out:reset_req (reset_req)"
Warning: nios2: "No matching role found for rst_controller:reset_out:reset_req (reset_req)"
Warning: nios2: "No matching role found for rst_controller:reset_out:reset_req (reset_req)"
Warning: nios2: "No matching role found for rst_controller:reset_out:reset_req (reset_req)"
Warning: nios2: "No matching role found for rst_controller:reset_out:reset_req (reset_req)"
Warning: nios2: "No matching role found for rst_controller:reset_out:reset_req (reset_req)"
Warning: nios2: "No matching role found for rst_controller:reset_out:reset_req (reset_req)"
Warning: nios2: "No matching role found for rst_controller:reset_out:reset_req (reset_req)"
Warning: nios2: "No matching role found for rst_controller:reset_out:reset_req (reset_req)"
Warning: nios2: "No matching role found for rst_controller:reset_out:reset_req (reset_req)"
Warning: nios2: "No matching role found for rst_controller:reset_out:reset_req (reset_req)"
Warning: nios2: "No matching role found for rst_controller:reset_out:reset_req (reset_req)"
Warning: nios2: "No matching role found for rst_controller:reset_out:reset_req (reset_req)"
Warning: nios2: "No matching role found for rst_controller:reset_out:reset_req (reset_req)"
Warning: nios2: "No matching role found for rst_controller:reset_out:reset_req (reset_req)"
Warning: nios2: "No matching role found for rst_controller:reset_out:reset_req (reset_req)"
Warning: nios2: "No matching role found for rst_controller:reset_out:reset_req (reset_req)"
Warning: nios2: "No matching role found for rst_controller:reset_out:reset_req (reset_req)"
Warning: nios2: "No matching role found for rst_controller:reset_out:reset_req (reset_req)"
Warning: nios2: "No matching role found for rst_controller:reset_out:reset_req (reset_req)"
Warning: nios2: "No matching role found for rst_controller:reset_out:reset_req (reset_req)"
Warning: nios2: "No matching role found for rst_controller:reset_out:reset_req (reset_req)"
Warning: nios2: "No matching role found for rst_controller:reset_out:reset_req (reset_req)"
Warning: nios2: "No matching role found for rst_controller:reset_out:reset_req (reset_req)"
Warning: nios2: "No matching role found for rst_controller:reset_out:reset_req (reset_req)"
Warning: nios2: "No matching role found for rst_controller:reset_out:reset_req (reset_req)"
Warning: nios2: "No matching role found for rst_controller:reset_out:reset_req (reset_req)"
Warning: nios2: "No matching role found for rst_controller:reset_out:reset_req (reset_req)"
Warning: nios2: "No matching role found for rst_controller:reset_out:reset_req (reset_req)"
Warning: nios2: "No matching role found for rst_controller:reset_out:reset_req (reset_req)"
Warning: nios2: "No matching role found for rst_controller:reset_out:reset_req (reset_req)"
Warning: nios2: "No matching role found for rst_controller:reset_out:reset_req (reset_req)"
Warning: nios2: "No matching role found for rst_controller:reset_out:reset_req (reset_req)"
Warning: nios2: "No matching role found for rst_controller:reset_out:reset_req (reset_req)"
Warning: nios2: "No matching role found for rst_controller:reset_out:reset_req (reset_req)"
Warning: nios2: "No matching role found for rst_controller:reset_out:reset_req (reset_req)"
Warning: nios2: "No matching role found for rst_controller:reset_out:reset_req (reset_req)"
Warning: nios2: "No matching role found for rst_controller:reset_out:reset_req (reset_req)"
Warning: nios2: "No matching role found for rst_controller:reset_out:reset_req (reset_req)"
Warning: nios2: "No matching role found for rst_controller:reset_out:reset_req (reset_req)"
Warning: nios2: "No matching role found for rst_controller:reset_out:reset_req (reset_req)"
Warning: nios2: "No matching role found for rst_controller:reset_out:reset_req (reset_req)"
Warning: nios2: "No matching role found for rst_controller:reset_out:reset_req (reset_req)"
Warning: nios2: "No matching role found for rst_controller:reset_out:reset_req (reset_req)"
Warning: nios2: "No matching role found for rst_controller:reset_out:reset_req (reset_req)"
Warning: nios2: "No matching role found for rst_controller:reset_out:reset_req (reset_req)"
Warning: nios2: "No matching role found for rst_controller:reset_out:reset_req (reset_req)"
Warning: nios2: "No matching role found for rst_controller:reset_out:reset_req (reset_req)"
Warning: nios2: "No matching role found for rst_controller:reset_out:reset_req (reset_req)"
Warning: nios2: "No matching role found for rst_controller:reset_out:reset_req (reset_req)"
Warning: nios2: "No matching role found for rst_controller:reset_out:reset_req (reset_req)"
Warning: nios2: "No matching role found for rst_controller:reset_out:reset_req (reset_req)"
Warning: nios2: "No matching role found for rst_controller:reset_out:reset_req (reset_req)"
Warning: nios2: "No matching role found for rst_controller:reset_out:reset_req (reset_req)"
Warning: nios2: "No matching role found for rst_controller:reset_out:reset_req (reset_req)"
Warning: nios2: "No matching role found for rst_controller:reset_out:reset_req (reset_req)"
Info: nios2: Starting RTL generation for module 'nios2_nios2'
Info: nios2:   Generation command is [exec C:/altera/13.0sp1/quartus/../ip/altera/nios2_ip/altera_nios2/eperl.exe -I C:/altera/13.0sp1/quartus/common/ip/altera/common/perl/5.8.3 -I C:/altera/13.0sp1/quartus/sopc_builder/bin/europa -I C:/altera/13.0sp1/quartus/sopc_builder/bin/perl_lib -I C:/altera/13.0sp1/quartus/sopc_builder/bin -I C:/altera/13.0sp1/quartus/../ip/altera/nios2_ip/altera_nios2/cpu_lib -I C:/altera/13.0sp1/quartus/../ip/altera/nios2_ip/altera_nios2/nios_lib -I C:/altera/13.0sp1/quartus/../ip/altera/nios2_ip/altera_nios2 -I C:/altera/13.0sp1/quartus/../ip/altera/nios2_ip/altera_nios2 -- C:/altera/13.0sp1/quartus/../ip/altera/nios2_ip/altera_nios2/generate_rtl.epl --name=nios2_nios2 --dir=C:/Users/Vinay/AppData/Local/Temp/alt6044_2308666143296558583.dir/0003_nios2_gen/ --quartus_dir=C:/altera/13.0sp1/quartus --verilog --config=C:/Users/Vinay/AppData/Local/Temp/alt6044_2308666143296558583.dir/0003_nios2_gen//nios2_nios2_processor_configuration.pl  --do_build_sim=0    --bogus  ]
Info: nios2: # 2013.12.05 01:04:49 (*) Starting Nios II generation
Info: nios2: # 2013.12.05 01:04:49 (*)   Checking for plaintext license.
Info: nios2: # 2013.12.05 01:04:49 (*)   Couldn't query license setup in Quartus directory C:/altera/13.0sp1/quartus
Info: nios2: # 2013.12.05 01:04:49 (*)   Defaulting to contents of LM_LICENSE_FILE environment variable
Info: nios2: # 2013.12.05 01:04:49 (*)   LM_LICENSE_FILE environment variable is empty
Info: nios2: # 2013.12.05 01:04:49 (*)   Plaintext license not found.
Info: nios2: # 2013.12.05 01:04:49 (*)   Checking for encrypted license (non-evaluation).
Info: nios2: # 2013.12.05 01:04:50 (*)   Couldn't query license setup in Quartus directory C:/altera/13.0sp1/quartus
Info: nios2: # 2013.12.05 01:04:50 (*)   Defaulting to contents of LM_LICENSE_FILE environment variable
Info: nios2: # 2013.12.05 01:04:50 (*)   LM_LICENSE_FILE environment variable is empty
Info: nios2: # 2013.12.05 01:04:50 (*)   Encrypted license not found.  Defaulting to OCP evaluation license (produces a time-limited SOF)
Info: nios2: # 2013.12.05 01:04:50 (*)   Elaborating CPU configuration settings
Info: nios2: # 2013.12.05 01:04:50 (*)   Creating all objects for CPU
Info: nios2: # 2013.12.05 01:04:52 (*)     Pipeline frontend
Info: nios2: # 2013.12.05 01:04:54 (*)   Generating RTL from CPU objects
Info: nios2: # 2013.12.05 01:04:58 (*)   Creating encrypted RTL
Info: nios2: # 2013.12.05 01:04:59 (*) Done Nios II generation
Info: nios2: Done RTL generation for module 'nios2_nios2'
Info: nios2: "nios2" instantiated altera_nios2_qsys "nios2"
Info: onchip_mem: Starting RTL generation for module 'nios2_onchip_mem'
Info: onchip_mem:   Generation command is [exec C:/altera/13.0sp1/quartus/bin/perl/bin/perl.exe -I C:/altera/13.0sp1/quartus/common/ip/altera/common/perl/5.8.3 -I C:/altera/13.0sp1/quartus/sopc_builder/bin/europa -I C:/altera/13.0sp1/quartus/sopc_builder/bin/perl_lib -I C:/altera/13.0sp1/quartus/sopc_builder/bin -I C:/altera/13.0sp1/quartus/../ip/altera/sopc_builder_ip/common -I C:/altera/13.0sp1/quartus/../ip/altera/sopc_builder_ip/altera_avalon_onchip_memory2 -- C:/altera/13.0sp1/quartus/../ip/altera/sopc_builder_ip/altera_avalon_onchip_memory2/generate_rtl.pl --name=nios2_onchip_mem --dir=C:/Users/Vinay/AppData/Local/Temp/alt6044_2308666143296558583.dir/0004_onchip_mem_gen/ --quartus_dir=C:/altera/13.0sp1/quartus --verilog --config=C:/Users/Vinay/AppData/Local/Temp/alt6044_2308666143296558583.dir/0004_onchip_mem_gen//nios2_onchip_mem_component_configuration.pl  --do_build_sim=0  ]
Info: onchip_mem: Done RTL generation for module 'nios2_onchip_mem'
Info: onchip_mem: "nios2" instantiated altera_avalon_onchip_memory2 "onchip_mem"
Info: vga: Starting Generation of VGA Controller
Info: vga: "nios2" instantiated altera_up_avalon_video_vga_controller "vga"
Info: char_buffer: Starting Generation of Character Buffer
Info: char_buffer: "nios2" instantiated altera_up_avalon_video_character_buffer_with_dma "char_buffer"
Info: jtag_uart: Starting RTL generation for module 'nios2_jtag_uart'
Info: jtag_uart:   Generation command is [exec C:/altera/13.0sp1/quartus/bin/perl/bin/perl.exe -I C:/altera/13.0sp1/quartus/common/ip/altera/common/perl/5.8.3 -I C:/altera/13.0sp1/quartus/sopc_builder/bin/europa -I C:/altera/13.0sp1/quartus/sopc_builder/bin/perl_lib -I C:/altera/13.0sp1/quartus/sopc_builder/bin -I C:/altera/13.0sp1/quartus/../ip/altera/sopc_builder_ip/common -I C:/altera/13.0sp1/quartus/../ip/altera/sopc_builder_ip/altera_avalon_jtag_uart -- C:/altera/13.0sp1/quartus/../ip/altera/sopc_builder_ip/altera_avalon_jtag_uart/generate_rtl.pl --name=nios2_jtag_uart --dir=C:/Users/Vinay/AppData/Local/Temp/alt6044_2308666143296558583.dir/0007_jtag_uart_gen/ --quartus_dir=C:/altera/13.0sp1/quartus --verilog --config=C:/Users/Vinay/AppData/Local/Temp/alt6044_2308666143296558583.dir/0007_jtag_uart_gen//nios2_jtag_uart_component_configuration.pl  --do_build_sim=0  ]
Info: jtag_uart: Done RTL generation for module 'nios2_jtag_uart'
Info: jtag_uart: "nios2" instantiated altera_avalon_jtag_uart "jtag_uart"
Info: led_green: Starting Generation of Parallel Port
Info: led_green: "nios2" instantiated altera_up_avalon_parallel_port "led_green"
Info: pixel_buffer: Starting Generation of VGA Pixel Buffer
Info: pixel_buffer: "nios2" instantiated altera_up_avalon_video_pixel_buffer_dma "pixel_buffer"
Info: alpha_blender: Starting Generation of the Alpha Blender
Info: alpha_blender: "nios2" instantiated altera_up_avalon_video_alpha_blender "alpha_blender"
Info: sram: Starting Generation of SRAM or SSRAM Controller
Info: sram: "nios2" instantiated altera_up_avalon_sram "sram"
Info: dual_clock_FIFO: Starting Generation of the Dual Clock Buffer
Info: dual_clock_FIFO: "nios2" instantiated altera_up_avalon_video_dual_clock_buffer "dual_clock_FIFO"
Info: up_clocks_0: Starting Generation of Required Clocks for DE-Series Boards
Info: up_clocks_0: "nios2" instantiated altera_up_clocks "up_clocks_0"
Info: usb: Starting Generation of USB Controller
Info: usb: "nios2" instantiated altera_up_avalon_usb "usb"
Info: ps2: Starting Generation of PS2 Controller
Info: ps2: "nios2" instantiated altera_up_avalon_ps2 "ps2"
Info: sd_card_interface: "nios2" instantiated Altera_UP_SD_Card_Avalon_Interface "sd_card_interface"
Info: nios2_instruction_master_translator: "nios2" instantiated altera_merlin_master_translator "nios2_instruction_master_translator"
Info: nios2_jtag_debug_module_translator: "nios2" instantiated altera_merlin_slave_translator "nios2_jtag_debug_module_translator"
Info: nios2_instruction_master_translator_avalon_universal_master_0_agent: "nios2" instantiated altera_merlin_master_agent "nios2_instruction_master_translator_avalon_universal_master_0_agent"
Info: nios2_jtag_debug_module_translator_avalon_universal_slave_0_agent: "nios2" instantiated altera_merlin_slave_agent "nios2_jtag_debug_module_translator_avalon_universal_slave_0_agent"
Info: nios2_jtag_debug_module_translator_avalon_universal_slave_0_agent_rsp_fifo: "nios2" instantiated altera_avalon_sc_fifo "nios2_jtag_debug_module_translator_avalon_universal_slave_0_agent_rsp_fifo"
Info: addr_router: "nios2" instantiated altera_merlin_router "addr_router"
Info: addr_router_001: "nios2" instantiated altera_merlin_router "addr_router_001"
Info: addr_router_002: "nios2" instantiated altera_merlin_router "addr_router_002"
Info: id_router: "nios2" instantiated altera_merlin_router "id_router"
Info: id_router_002: "nios2" instantiated altera_merlin_router "id_router_002"
Info: id_router_003: "nios2" instantiated altera_merlin_router "id_router_003"
Info: id_router_007: "nios2" instantiated altera_merlin_router "id_router_007"
Info: limiter: "nios2" instantiated altera_merlin_traffic_limiter "limiter"
Info: burst_adapter: "nios2" instantiated altera_merlin_burst_adapter "burst_adapter"
Info: rst_controller: "nios2" instantiated altera_reset_controller "rst_controller"
Info: cmd_xbar_demux: "nios2" instantiated altera_merlin_demultiplexer "cmd_xbar_demux"
Info: cmd_xbar_demux_001: "nios2" instantiated altera_merlin_demultiplexer "cmd_xbar_demux_001"
Info: cmd_xbar_demux_002: "nios2" instantiated altera_merlin_demultiplexer "cmd_xbar_demux_002"
Info: cmd_xbar_mux: "nios2" instantiated altera_merlin_multiplexer "cmd_xbar_mux"
Info: rsp_xbar_demux: "nios2" instantiated altera_merlin_demultiplexer "rsp_xbar_demux"
Info: rsp_xbar_mux: "nios2" instantiated altera_merlin_multiplexer "rsp_xbar_mux"
Info: Reusing file C:/ECE4440/DE2_115_Final/nios2/synthesis/submodules/altera_merlin_arbitrator.sv
Info: rsp_xbar_mux_001: "nios2" instantiated altera_merlin_multiplexer "rsp_xbar_mux_001"
Info: Reusing file C:/ECE4440/DE2_115_Final/nios2/synthesis/submodules/altera_merlin_arbitrator.sv
Info: width_adapter: "nios2" instantiated altera_merlin_width_adapter "width_adapter"
Info: Reusing file C:/ECE4440/DE2_115_Final/nios2/synthesis/submodules/altera_merlin_address_alignment.sv
Info: Reusing file C:/ECE4440/DE2_115_Final/nios2/synthesis/submodules/altera_merlin_burst_uncompressor.sv
Info: irq_mapper: "nios2" instantiated altera_irq_mapper "irq_mapper"
Info: nios2: Done nios2" with 39 modules, 167 files, 4807496 bytes
Info: ip-generate succeeded.
Info: Finished: Create HDL design files for synthesis
